\BOOKMARK [0][-]{chapter*.1}{\376\377\000A\000c\000k\000n\000o\000w\000l\000e\000d\000g\000e\000m\000e\000n\000t}{}% 1
\BOOKMARK [0][-]{chapter*.1}{\376\377\000D\000e\000c\000l\000a\000r\000a\000t\000i\000o\000n}{}% 2
\BOOKMARK [0][-]{chapter*.3}{\376\377\000A\000b\000s\000t\000r\000a\000c\000t}{}% 3
\BOOKMARK [0][-]{chapter*.3}{\376\377\000L\000i\000s\000t\000\040\000o\000f\000\040\000F\000i\000g\000u\000r\000e\000s}{}% 4
\BOOKMARK [0][-]{chapter*.3}{\376\377\000L\000i\000s\000t\000\040\000o\000f\000\040\000T\000a\000b\000l\000e\000s}{}% 5
\BOOKMARK [0][-]{chapter.1}{\376\377\000I\000n\000t\000r\000o\000d\000u\000c\000t\000i\000o\000n}{}% 6
\BOOKMARK [1][-]{section.1.1}{\376\377\000B\000a\000c\000k\000g\000r\000o\000u\000n\000d}{chapter.1}% 7
\BOOKMARK [1][-]{section.1.2}{\376\377\000P\000r\000o\000b\000l\000e\000m\000\040\000S\000t\000a\000t\000e\000m\000e\000n\000t}{chapter.1}% 8
\BOOKMARK [1][-]{section.1.3}{\376\377\000P\000r\000o\000b\000l\000e\000m\000\040\000D\000e\000s\000c\000r\000i\000p\000t\000i\000o\000n}{chapter.1}% 9
\BOOKMARK [1][-]{section.1.4}{\376\377\000O\000b\000j\000e\000c\000t\000i\000v\000e\000s}{chapter.1}% 10
\BOOKMARK [1][-]{section.1.5}{\376\377\000W\000P\000s\000\040\000a\000n\000d\000\040\000S\000D\000G\000\040\000A\000d\000d\000r\000e\000s\000s\000e\000d}{chapter.1}% 11
\BOOKMARK [2][-]{subsection.1.5.1}{\376\377\000M\000a\000p\000p\000i\000n\000g\000\040\000o\000f\000\040\000P\000r\000o\000j\000e\000c\000t\000\040\000w\000i\000t\000h\000\040\000S\000D\000G\000\040\000G\000o\000a\000l\000s\000,\000\040\000T\000a\000r\000g\000e\000t\000s\000,\000\040\000a\000n\000d\000\040\000I\000n\000d\000i\000c\000a\000t\000o\000r\000s}{section.1.5}% 12
\BOOKMARK [0][-]{chapter.2}{\376\377\000L\000i\000t\000e\000r\000a\000t\000u\000r\000e\000\040\000R\000e\000v\000i\000e\000w}{}% 13
\BOOKMARK [1][-]{section.2.1}{\376\377\000A\000n\000a\000l\000y\000s\000i\000s\000\040\000o\000f\000\040\000t\000h\000e\000\040\000L\000i\000t\000e\000r\000a\000t\000u\000r\000e}{chapter.2}% 14
\BOOKMARK [2][-]{subsection.2.1.1}{\376\377\000O\000u\000t\000l\000i\000n\000e\000S\000p\000a\000r\000k\000\040\000\050\000F\000e\000n\000g\000j\000i\000e\000\040\000W\000a\000n\000g\000,\000\040\0002\0000\0002\0004\000\051}{section.2.1}% 15
\BOOKMARK [2][-]{subsection.2.1.2}{\376\377\000A\000I\000\040\000p\000p\000t\000X\000\040\000\050\000V\000i\000n\000e\000e\000t\000h\000\040\000R\000a\000v\000i\000,\000\040\0002\0000\0002\0000\000\051}{section.2.1}% 16
\BOOKMARK [2][-]{subsection.2.1.3}{\376\377\000P\000P\000T\000A\000g\000e\000n\000t\000\040\000\050\000H\000a\000o\000\040\000Z\000h\000e\000n\000g\000,\000\040\0002\0000\0002\0005\000\051}{section.2.1}% 17
\BOOKMARK [2][-]{subsection.2.1.4}{\376\377\000P\000r\000e\000s\000e\000n\000t\000i\000f\000y\000\040\000\050\000S\000h\000r\000e\000e\000w\000a\000s\000t\000a\000v\000\040\000e\000t\000\040\000a\000l\000.\000,\000\040\0002\0000\0002\0004\000\051}{section.2.1}% 18
\BOOKMARK [2][-]{subsection.2.1.5}{\376\377\000D\0002\000S\000\040\040\023\000\040\000D\000o\000c\000u\000m\000e\000n\000t\000\040\000t\000o\000\040\000S\000l\000i\000d\000e\000\040\000\050\000E\000d\000w\000a\000r\000d\000\040\000S\000u\000n\000\040\040\023\000\040\000I\000B\000M\000,\000\040\0002\0000\0002\0001\000\051}{section.2.1}% 19
\BOOKMARK [2][-]{subsection.2.1.6}{\376\377\000A\000u\000t\000o\000P\000r\000e\000s\000e\000n\000t\000\040\000\050\000J\000i\000a\000x\000i\000n\000\040\000G\000e\000,\000\040\0002\0000\0002\0005\000\051}{section.2.1}% 20
\BOOKMARK [1][-]{section.2.2}{\376\377\000S\000u\000m\000m\000a\000r\000y\000\040\000o\000f\000\040\000t\000h\000e\000\040\000R\000e\000v\000i\000e\000w}{chapter.2}% 21
\BOOKMARK [1][-]{section.2.3}{\376\377\000I\000m\000p\000l\000i\000c\000a\000t\000i\000o\000n\000s}{chapter.2}% 22
\BOOKMARK [1][-]{section.2.4}{\376\377\000E\000x\000i\000s\000t\000i\000n\000g\000\040\000S\000y\000s\000t\000e\000m}{chapter.2}% 23
\BOOKMARK [0][-]{chapter.3}{\376\377\000S\000y\000s\000t\000e\000m\000\040\000D\000e\000s\000i\000g\000n}{}% 24
\BOOKMARK [1][-]{section.3.1}{\376\377\000A\000r\000c\000h\000i\000t\000e\000c\000t\000u\000r\000e\000\040\000D\000i\000a\000g\000r\000a\000m}{chapter.3}% 25
\BOOKMARK [1][-]{section.3.2}{\376\377\000D\000a\000t\000a\000\040\000F\000l\000o\000w\000\040\000D\000i\000a\000g\000r\000a\000m}{chapter.3}% 26
\BOOKMARK [1][-]{section.3.3}{\376\377\000A\000l\000g\000o\000r\000i\000t\000h\000m\000\040\000D\000i\000a\000g\000r\000a\000m}{chapter.3}% 27
\BOOKMARK [0][-]{chapter.4}{\376\377\000I\000m\000p\000l\000e\000m\000e\000n\000t\000a\000t\000i\000o\000n}{}% 28
\BOOKMARK [1][-]{section.4.1}{\376\377\000D\000e\000v\000e\000l\000o\000p\000m\000e\000n\000t\000\040\000E\000n\000v\000i\000r\000o\000n\000m\000e\000n\000t\000\040\000a\000n\000d\000\040\000T\000o\000o\000l\000s}{chapter.4}% 29
\BOOKMARK [1][-]{section.4.2}{\376\377\000S\000y\000s\000t\000e\000m\000\040\000A\000r\000c\000h\000i\000t\000e\000c\000t\000u\000r\000e}{chapter.4}% 30
\BOOKMARK [1][-]{section.4.3}{\376\377\000A\000I\000\040\000C\000o\000n\000t\000e\000n\000t\000\040\000G\000e\000n\000e\000r\000a\000t\000i\000o\000n}{chapter.4}% 31
\BOOKMARK [2][-]{subsection.4.3.1}{\376\377\000M\000u\000l\000t\000i\000-\000P\000r\000o\000v\000i\000d\000e\000r\000\040\000A\000r\000c\000h\000i\000t\000e\000c\000t\000u\000r\000e}{section.4.3}% 32
\BOOKMARK [2][-]{subsection.4.3.2}{\376\377\000T\000w\000o\000-\000S\000t\000a\000g\000e\000\040\000G\000e\000n\000e\000r\000a\000t\000i\000o\000n\000\040\000P\000i\000p\000e\000l\000i\000n\000e}{section.4.3}% 33
\BOOKMARK [2][-]{subsection.4.3.3}{\376\377\000I\000m\000a\000g\000e\000\040\000G\000e\000n\000e\000r\000a\000t\000i\000o\000n}{section.4.3}% 34
\BOOKMARK [1][-]{section.4.4}{\376\377\000S\000l\000i\000d\000e\000\040\000D\000a\000t\000a\000\040\000M\000o\000d\000e\000l}{chapter.4}% 35
\BOOKMARK [1][-]{section.4.5}{\376\377\000E\000d\000i\000t\000o\000r\000\040\000F\000e\000a\000t\000u\000r\000e\000s}{chapter.4}% 36
\BOOKMARK [1][-]{section.4.6}{\376\377\000A\000u\000t\000h\000e\000n\000t\000i\000c\000a\000t\000i\000o\000n\000\040\000a\000n\000d\000\040\000D\000a\000t\000a\000b\000a\000s\000e}{chapter.4}% 37
\BOOKMARK [1][-]{section.4.7}{\376\377\000T\000h\000e\000m\000i\000n\000g\000\040\000a\000n\000d\000\040\000T\000e\000s\000t\000i\000n\000g}{chapter.4}% 38
\BOOKMARK [0][-]{chapter.5}{\376\377\000R\000e\000s\000u\000l\000t\000s\000\040\000a\000n\000d\000\040\000A\000n\000a\000l\000y\000s\000i\000s}{}% 39
\BOOKMARK [1][-]{section.5.1}{\376\377\000S\000y\000s\000t\000e\000m\000\040\000S\000c\000r\000e\000e\000n\000s\000h\000o\000t\000s}{chapter.5}% 40
\BOOKMARK [1][-]{section.5.2}{\376\377\000T\000e\000s\000t\000i\000n\000g\000\040\000a\000n\000d\000\040\000V\000a\000l\000i\000d\000a\000t\000i\000o\000n}{chapter.5}% 41
\BOOKMARK [1][-]{section.5.3}{\376\377\000A\000n\000a\000l\000y\000s\000i\000s\000\040\000a\000n\000d\000\040\000D\000i\000s\000c\000u\000s\000s\000i\000o\000n}{chapter.5}% 42
\BOOKMARK [1][-]{section.5.4}{\376\377\000C\000o\000m\000p\000a\000r\000i\000s\000o\000n\000\040\000w\000i\000t\000h\000\040\000E\000x\000i\000s\000t\000i\000n\000g\000\040\000S\000y\000s\000t\000e\000m\000s}{chapter.5}% 43
\BOOKMARK [0][-]{chapter.6}{\376\377\000C\000o\000n\000c\000l\000u\000s\000i\000o\000n\000\040\000a\000n\000d\000\040\000F\000u\000t\000u\000r\000e\000\040\000W\000o\000r\000k}{}% 44
\BOOKMARK [1][-]{section.6.1}{\376\377\000S\000u\000m\000m\000a\000r\000y}{chapter.6}% 45
\BOOKMARK [1][-]{section.6.2}{\376\377\000L\000i\000m\000i\000t\000a\000t\000i\000o\000n\000s}{chapter.6}% 46
\BOOKMARK [1][-]{section.6.3}{\376\377\000F\000u\000t\000u\000r\000e\000\040\000E\000n\000h\000a\000n\000c\000e\000m\000e\000n\000t\000s}{chapter.6}% 47
\BOOKMARK [0][-]{chapter*.20}{\376\377\000R\000e\000f\000e\000r\000e\000n\000c\000e\000s}{}% 48
